2022-02-10 18:13:56,620 ERROR c.l.m.s.l.LibraryManagementSystemApplication [restartedMain] hii
23 2022-02-10 18:19:20,479 ERROR c.l.m.s.l.e.GlobalExceptionHandler [http-nio-5000-exec-1] Admin Not Found
23 2022-02-11 10:27:58,930 ERROR c.l.m.s.l.e.GlobalExceptionHandler [http-nio-5000-exec-2] User Phone Number And Password Invalid
23 2022-02-11 10:37:32,230 ERROR c.l.m.s.l.e.GlobalExceptionHandler [http-nio-5000-exec-1] Username And Password Invalid
23 2022-02-14 09:27:30,488 ERROR c.l.m.s.l.e.GlobalExceptionHandler [http-nio-5000-exec-2] User Phone Number And Password Invalid
23 2022-02-14 09:27:39,293 ERROR c.l.m.s.l.e.GlobalExceptionHandler [http-nio-5000-exec-3] User Phone Number And Password Invalid
142 2022-02-14 12:22:29,340 ERROR o.h.e.j.s.SqlExceptionHelper [http-nio-5000-exec-2] Duplicate entry '44664741464' for key 'book.UK_7xa554b1vghpa2wt12xcu96h1'
33 2022-02-14 12:22:31,731 ERROR c.l.m.s.l.e.GlobalExceptionHandler [http-nio-5000-exec-2] could not execute statement; SQL [n/a]; constraint [book.UK_7xa554b1vghpa2wt12xcu96h1]; nested exception is org.hibernate.exception.ConstraintViolationException: could not execute statement
23 2022-02-14 13:47:34,719 ERROR c.l.m.s.l.e.GlobalExceptionHandler [http-nio-5000-exec-3] Username And Password Invalid
33 2022-02-15 18:00:48,224 ERROR c.l.m.s.l.e.GlobalExceptionHandler [http-nio-5000-exec-2] Handler dispatch failed; nested exception is java.lang.NoClassDefFoundError: org/springframework/mail/SimpleMailMessage
33 2022-02-15 18:02:04,393 ERROR c.l.m.s.l.e.GlobalExceptionHandler [http-nio-5000-exec-1] null
33 2022-02-15 18:48:07,554 ERROR c.l.m.s.l.e.GlobalExceptionHandler [http-nio-5000-exec-2] Handler dispatch failed; nested exception is java.lang.Error: Unresolved compilation problems: 
	Syntax error, insert ")" to complete MethodInvocation
	Syntax error, insert ";" to complete BlockStatements
	Syntax error on token ":", EmptyStatement expected after this token

33 2022-02-15 19:10:11,792 ERROR c.l.m.s.l.e.GlobalExceptionHandler [http-nio-5000-exec-2] Handler dispatch failed; nested exception is java.lang.Error: Unresolved compilation problem: 
	The type UserServiceImpl must implement the inherited abstract method UserService.sendResetPasswordLink(String, String, String)

33 2022-02-15 19:10:28,075 ERROR c.l.m.s.l.e.GlobalExceptionHandler [http-nio-5000-exec-4] Handler dispatch failed; nested exception is java.lang.Error: Unresolved compilation problem: 
	The type UserServiceImpl must implement the inherited abstract method UserService.sendResetPasswordLink(String, String, String)

23 2022-02-15 20:12:10,495 ERROR c.l.m.s.l.e.GlobalExceptionHandler [http-nio-5000-exec-3] User Not Found
33 2022-02-15 20:13:35,808 ERROR c.l.m.s.l.e.GlobalExceptionHandler [http-nio-5000-exec-2] Handler dispatch failed; nested exception is java.lang.AbstractMethodError: Receiver class com.library.management.system.librarymanagementsystem.service.UserServiceImpl does not define or inherit an implementation of the resolved method 'abstract java.util.List getUserDataByPhoneNumber(java.lang.String)' of interface com.library.management.system.librarymanagementsystem.service.UserService.
33 2022-02-15 20:19:02,403 ERROR c.l.m.s.l.e.GlobalExceptionHandler [http-nio-5000-exec-5] null
33 2022-02-15 20:19:30,398 ERROR c.l.m.s.l.e.GlobalExceptionHandler [http-nio-5000-exec-9] null
33 2022-02-15 20:21:40,115 ERROR c.l.m.s.l.e.GlobalExceptionHandler [http-nio-5000-exec-5] null
33 2022-02-15 20:22:48,399 ERROR c.l.m.s.l.e.GlobalExceptionHandler [http-nio-5000-exec-8] null
33 2022-02-15 20:26:41,381 ERROR c.l.m.s.l.e.GlobalExceptionHandler [http-nio-5000-exec-1] null
33 2022-02-15 20:30:43,671 ERROR c.l.m.s.l.e.GlobalExceptionHandler [http-nio-5000-exec-3] not-null property references a null or transient value : com.library.management.system.librarymanagementsystem.model.UserModel.user_email; nested exception is org.hibernate.PropertyValueException: not-null property references a null or transient value : com.library.management.system.librarymanagementsystem.model.UserModel.user_email
33 2022-02-15 20:33:46,725 ERROR c.l.m.s.l.e.GlobalExceptionHandler [http-nio-5000-exec-6] null
33 2022-02-15 22:35:40,917 ERROR c.l.m.s.l.e.GlobalExceptionHandler [http-nio-5000-exec-3] null
33 2022-02-15 22:39:32,580 ERROR c.l.m.s.l.e.GlobalExceptionHandler [http-nio-5000-exec-5] null
33 2022-02-15 22:43:21,706 ERROR c.l.m.s.l.e.GlobalExceptionHandler [http-nio-5000-exec-7] not-null property references a null or transient value : com.library.management.system.librarymanagementsystem.model.UserModel.user_password; nested exception is org.hibernate.PropertyValueException: not-null property references a null or transient value : com.library.management.system.librarymanagementsystem.model.UserModel.user_password
33 2022-02-15 22:44:57,473 ERROR c.l.m.s.l.e.GlobalExceptionHandler [http-nio-5000-exec-1] not-null property references a null or transient value : com.library.management.system.librarymanagementsystem.model.UserModel.user_password; nested exception is org.hibernate.PropertyValueException: not-null property references a null or transient value : com.library.management.system.librarymanagementsystem.model.UserModel.user_password
